#
# There is insufficient memory for the Java Runtime Environment to continue.
# Native memory allocation (mmap) failed to map 716177408 bytes for committing reserved memory.
# Possible reasons:
#   The system is out of physical RAM or swap space
#   In 32 bit mode, the process size limit was hit
# Possible solutions:
#   Reduce memory load on the system
#   Increase physical memory or swap space
#   Check if swap backing store is full
#   Use 64 bit Java on a 64 bit OS
#   Decrease Java heap size (-Xmx/-Xms)
#   Decrease number of Java threads
#   Decrease Java thread stack sizes (-Xss)
#   Set larger code cache with -XX:ReservedCodeCacheSize=
# This output file may be truncated or incomplete.
#
#  Out of Memory Error (os_linux.cpp:2627), pid=29984, tid=0x00007f38c455f700
#
# JRE version:  (8.0_121-b13) (build )
# Java VM: Java HotSpot(TM) 64-Bit Server VM (25.121-b13 mixed mode linux-amd64 compressed oops)
# Failed to write core dump. Core dumps have been disabled. To enable core dumping, try "ulimit -c unlimited" before starting Java again
#

---------------  T H R E A D  ---------------

Current thread (0x00007f38bc009800):  JavaThread "Unknown thread" [_thread_in_vm, id=29985, stack(0x00007f38c445f000,0x00007f38c4560000)]

Stack: [0x00007f38c445f000,0x00007f38c4560000],  sp=0x00007f38c455e3c0,  free space=1020k
Native frames: (J=compiled Java code, j=interpreted, Vv=VM code, C=native code)
V  [libjvm.so+0xac703a]  VMError::report_and_die()+0x2ba
V  [libjvm.so+0x4fc7eb]  report_vm_out_of_memory(char const*, int, unsigned long, VMErrorType, char const*)+0x8b
V  [libjvm.so+0x923c43]  os::Linux::commit_memory_impl(char*, unsigned long, bool)+0x103
V  [libjvm.so+0x924199]  os::pd_commit_memory(char*, unsigned long, unsigned long, bool)+0x29
V  [libjvm.so+0x91e4aa]  os::commit_memory(char*, unsigned long, unsigned long, bool)+0x2a
V  [libjvm.so+0x992f03]  PSVirtualSpace::expand_by(unsigned long)+0x53
V  [libjvm.so+0x983017]  PSOldGen::initialize(ReservedSpace, unsigned long, char const*, int)+0xb7
V  [libjvm.so+0x2d89aa]  AdjoiningGenerations::AdjoiningGenerations(ReservedSpace, GenerationSizer*, unsigned long)+0x39a
V  [libjvm.so+0x9472d6]  ParallelScavengeHeap::initialize()+0x1d6
V  [libjvm.so+0xa8eff3]  Universe::initialize_heap()+0xf3
V  [libjvm.so+0xa8f55e]  universe_init()+0x3e
V  [libjvm.so+0x63d4f5]  init_globals()+0x65
V  [libjvm.so+0xa72c4e]  Threads::create_vm(JavaVMInitArgs*, bool*)+0x23e
V  [libjvm.so+0x6d1d94]  JNI_CreateJavaVM+0x74
C  [libjli.so+0x745e]  JavaMain+0x9e
C  [libpthread.so.0+0x76ba]  start_thread+0xca


---------------  P R O C E S S  ---------------

Java Threads: ( => current thread )

Other Threads:

=>0x00007f38bc009800 (exited) JavaThread "Unknown thread" [_thread_in_vm, id=29985, stack(0x00007f38c445f000,0x00007f38c4560000)]

VM state:not at safepoint (not fully initialized)

VM Mutex/Monitor currently owned by a thread: None

GC Heap History (0 events):
No events

Deoptimization events (0 events):
No events

Internal exceptions (0 events):
No events

Events (0 events):
No events


Dynamic libraries:
00400000-00401000 r-xp 00000000 08:06 2498542                            /usr/lib/jvm/java-8-oracle/jre/bin/java
00600000-00601000 rw-p 00000000 08:06 2498542                            /usr/lib/jvm/java-8-oracle/jre/bin/java
02553000-02574000 rw-p 00000000 00:00 0                                  [heap]
eab00000-100000000 rw-p 00000000 00:00 0 
7f38b4000000-7f38b4270000 rwxp 00000000 00:00 0 
7f38b4270000-7f38bc000000 ---p 00000000 00:00 0 
7f38bc000000-7f38bc034000 rw-p 00000000 00:00 0 
7f38bc034000-7f38c0000000 ---p 00000000 00:00 0 
7f38c0f41000-7f38c11c8000 rw-p 00000000 00:00 0 
7f38c11c8000-7f38c131d000 ---p 00000000 00:00 0 
7f38c131d000-7f38c13d3000 rw-p 00000000 00:00 0 
7f38c13d3000-7f38c15c9000 ---p 00000000 00:00 0 
7f38c15c9000-7f38c15e3000 r-xp 00000000 08:06 2499447                    /usr/lib/jvm/java-8-oracle/jre/lib/amd64/libzip.so
7f38c15e3000-7f38c17e3000 ---p 0001a000 08:06 2499447                    /usr/lib/jvm/java-8-oracle/jre/lib/amd64/libzip.so
7f38c17e3000-7f38c17e4000 rw-p 0001a000 08:06 2499447                    /usr/lib/jvm/java-8-oracle/jre/lib/amd64/libzip.so
7f38c17e4000-7f38c17ef000 r-xp 00000000 08:06 139733                     /lib/x86_64-linux-gnu/libnss_files-2.23.so
7f38c17ef000-7f38c19ee000 ---p 0000b000 08:06 139733                     /lib/x86_64-linux-gnu/libnss_files-2.23.so
7f38c19ee000-7f38c19ef000 r--p 0000a000 08:06 139733                     /lib/x86_64-linux-gnu/libnss_files-2.23.so
7f38c19ef000-7f38c19f0000 rw-p 0000b000 08:06 139733                     /lib/x86_64-linux-gnu/libnss_files-2.23.so
7f38c19f0000-7f38c19f6000 rw-p 00000000 00:00 0 
7f38c19f6000-7f38c1a01000 r-xp 00000000 08:06 139726                     /lib/x86_64-linux-gnu/libnss_nis-2.23.so
7f38c1a01000-7f38c1c00000 ---p 0000b000 08:06 139726                     /lib/x86_64-linux-gnu/libnss_nis-2.23.so
7f38c1c00000-7f38c1c01000 r--p 0000a000 08:06 139726                     /lib/x86_64-linux-gnu/libnss_nis-2.23.so
7f38c1c01000-7f38c1c02000 rw-p 0000b000 08:06 139726                     /lib/x86_64-linux-gnu/libnss_nis-2.23.so
7f38c1c02000-7f38c1c18000 r-xp 00000000 08:06 139728                     /lib/x86_64-linux-gnu/libnsl-2.23.so
7f38c1c18000-7f38c1e17000 ---p 00016000 08:06 139728                     /lib/x86_64-linux-gnu/libnsl-2.23.so
7f38c1e17000-7f38c1e18000 r--p 00015000 08:06 139728                     /lib/x86_64-linux-gnu/libnsl-2.23.so
7f38c1e18000-7f38c1e19000 rw-p 00016000 08:06 139728                     /lib/x86_64-linux-gnu/libnsl-2.23.so
7f38c1e19000-7f38c1e1b000 rw-p 00000000 00:00 0 
7f38c1e1b000-7f38c1e23000 r-xp 00000000 08:06 139735                     /lib/x86_64-linux-gnu/libnss_compat-2.23.so
7f38c1e23000-7f38c2022000 ---p 00008000 08:06 139735                     /lib/x86_64-linux-gnu/libnss_compat-2.23.so
7f38c2022000-7f38c2023000 r--p 00007000 08:06 139735                     /lib/x86_64-linux-gnu/libnss_compat-2.23.so
7f38c2023000-7f38c2024000 rw-p 00008000 08:06 139735                     /lib/x86_64-linux-gnu/libnss_compat-2.23.so
7f38c2024000-7f38c204f000 r-xp 00000000 08:06 2499474                    /usr/lib/jvm/java-8-oracle/jre/lib/amd64/libjava.so
7f38c204f000-7f38c224e000 ---p 0002b000 08:06 2499474                    /usr/lib/jvm/java-8-oracle/jre/lib/amd64/libjava.so
7f38c224e000-7f38c2250000 rw-p 0002a000 08:06 2499474                    /usr/lib/jvm/java-8-oracle/jre/lib/amd64/libjava.so
7f38c2250000-7f38c225d000 r-xp 00000000 08:06 2499089                    /usr/lib/jvm/java-8-oracle/jre/lib/amd64/libverify.so
7f38c225d000-7f38c245c000 ---p 0000d000 08:06 2499089                    /usr/lib/jvm/java-8-oracle/jre/lib/amd64/libverify.so
7f38c245c000-7f38c245e000 rw-p 0000c000 08:06 2499089                    /usr/lib/jvm/java-8-oracle/jre/lib/amd64/libverify.so
7f38c245e000-7f38c2465000 r-xp 00000000 08:06 139736                     /lib/x86_64-linux-gnu/librt-2.23.so
7f38c2465000-7f38c2664000 ---p 00007000 08:06 139736                     /lib/x86_64-linux-gnu/librt-2.23.so
7f38c2664000-7f38c2665000 r--p 00006000 08:06 139736                     /lib/x86_64-linux-gnu/librt-2.23.so
7f38c2665000-7f38c2666000 rw-p 00007000 08:06 139736                     /lib/x86_64-linux-gnu/librt-2.23.so
7f38c2666000-7f38c276e000 r-xp 00000000 08:06 139727                     /lib/x86_64-linux-gnu/libm-2.23.so
7f38c276e000-7f38c296d000 ---p 00108000 08:06 139727                     /lib/x86_64-linux-gnu/libm-2.23.so
7f38c296d000-7f38c296e000 r--p 00107000 08:06 139727                     /lib/x86_64-linux-gnu/libm-2.23.so
7f38c296e000-7f38c296f000 rw-p 00108000 08:06 139727                     /lib/x86_64-linux-gnu/libm-2.23.so
7f38c296f000-7f38c363d000 r-xp 00000000 08:06 2499488                    /usr/lib/jvm/java-8-oracle/jre/lib/amd64/server/libjvm.so
7f38c363d000-7f38c383d000 ---p 00cce000 08:06 2499488                    /usr/lib/jvm/java-8-oracle/jre/lib/amd64/server/libjvm.so
7f38c383d000-7f38c3916000 rw-p 00cce000 08:06 2499488                    /usr/lib/jvm/java-8-oracle/jre/lib/amd64/server/libjvm.so
7f38c3916000-7f38c3961000 rw-p 00000000 00:00 0 
7f38c3961000-7f38c3b20000 r-xp 00000000 08:06 139729                     /lib/x86_64-linux-gnu/libc-2.23.so
7f38c3b20000-7f38c3d20000 ---p 001bf000 08:06 139729                     /lib/x86_64-linux-gnu/libc-2.23.so
7f38c3d20000-7f38c3d24000 r--p 001bf000 08:06 139729                     /lib/x86_64-linux-gnu/libc-2.23.so
7f38c3d24000-7f38c3d26000 rw-p 001c3000 08:06 139729                     /lib/x86_64-linux-gnu/libc-2.23.so
7f38c3d26000-7f38c3d2a000 rw-p 00000000 00:00 0 
7f38c3d2a000-7f38c3d2d000 r-xp 00000000 08:06 139725                     /lib/x86_64-linux-gnu/libdl-2.23.so
7f38c3d2d000-7f38c3f2c000 ---p 00003000 08:06 139725                     /lib/x86_64-linux-gnu/libdl-2.23.so
7f38c3f2c000-7f38c3f2d000 r--p 00002000 08:06 139725                     /lib/x86_64-linux-gnu/libdl-2.23.so
7f38c3f2d000-7f38c3f2e000 rw-p 00003000 08:06 139725                     /lib/x86_64-linux-gnu/libdl-2.23.so
7f38c3f2e000-7f38c3f43000 r-xp 00000000 08:06 2499485                    /usr/lib/jvm/java-8-oracle/jre/lib/amd64/jli/libjli.so
7f38c3f43000-7f38c4143000 ---p 00015000 08:06 2499485                    /usr/lib/jvm/java-8-oracle/jre/lib/amd64/jli/libjli.so
7f38c4143000-7f38c4144000 rw-p 00015000 08:06 2499485                    /usr/lib/jvm/java-8-oracle/jre/lib/amd64/jli/libjli.so
7f38c4144000-7f38c415c000 r-xp 00000000 08:06 139740                     /lib/x86_64-linux-gnu/libpthread-2.23.so
7f38c415c000-7f38c435b000 ---p 00018000 08:06 139740                     /lib/x86_64-linux-gnu/libpthread-2.23.so
7f38c435b000-7f38c435c000 r--p 00017000 08:06 139740                     /lib/x86_64-linux-gnu/libpthread-2.23.so
7f38c435c000-7f38c435d000 rw-p 00018000 08:06 139740                     /lib/x86_64-linux-gnu/libpthread-2.23.so
7f38c435d000-7f38c4361000 rw-p 00000000 00:00 0 
7f38c4361000-7f38c4387000 r-xp 00000000 08:06 139730                     /lib/x86_64-linux-gnu/ld-2.23.so
7f38c445f000-7f38c4462000 ---p 00000000 00:00 0 
7f38c4462000-7f38c4564000 rw-p 00000000 00:00 0 
7f38c457a000-7f38c4582000 rw-s 00000000 08:06 1200823                    /tmp/hsperfdata_damian/29984
7f38c4582000-7f38c4583000 rw-p 00000000 00:00 0 
7f38c4583000-7f38c4584000 r--p 00000000 00:00 0 
7f38c4584000-7f38c4586000 rw-p 00000000 00:00 0 
7f38c4586000-7f38c4587000 r--p 00025000 08:06 139730                     /lib/x86_64-linux-gnu/ld-2.23.so
7f38c4587000-7f38c4588000 rw-p 00026000 08:06 139730                     /lib/x86_64-linux-gnu/ld-2.23.so
7f38c4588000-7f38c4589000 rw-p 00000000 00:00 0 
7ffce9b5f000-7ffce9b80000 rw-p 00000000 00:00 0                          [stack]
7ffce9bba000-7ffce9bbc000 r--p 00000000 00:00 0                          [vvar]
7ffce9bbc000-7ffce9bbe000 r-xp 00000000 00:00 0                          [vdso]
ffffffffff600000-ffffffffff601000 r-xp 00000000 00:00 0                  [vsyscall]

VM Arguments:
jvm_args: -Xms1024m -Xmx1024m -XX:ReservedCodeCacheSize=128m -XX:MaxMetaspaceSize=256m 
java_command: /usr/share/sbt/bin/sbt-launch.jar console
java_class_path (initial): /usr/share/sbt/bin/sbt-launch.jar
Launcher Type: SUN_STANDARD

Environment Variables:
PATH=/home/damian/bin:/home/damian/.local/bin:/usr/local/sbin:/usr/local/bin:/usr/sbin:/usr/bin:/sbin:/bin:/usr/games:/usr/local/games:/usr/local/share/scala/bin:/home/damian/Pobrane/activator-dist-1.3.12/bin
LD_LIBRARY_PATH=/home/damian/Downloads/idea-IU-163.12024.16/bin:
SHELL=/usr/bin/zsh
DISPLAY=:0

Signal Handlers:
SIGSEGV: [libjvm.so+0xac78c0], sa_mask[0]=11111111011111111101111111111110, sa_flags=SA_RESTART|SA_SIGINFO
SIGBUS: [libjvm.so+0xac78c0], sa_mask[0]=11111111011111111101111111111110, sa_flags=SA_RESTART|SA_SIGINFO
SIGFPE: [libjvm.so+0x920ac0], sa_mask[0]=11111111011111111101111111111110, sa_flags=SA_RESTART|SA_SIGINFO
SIGPIPE: [libjvm.so+0x920ac0], sa_mask[0]=11111111011111111101111111111110, sa_flags=SA_RESTART|SA_SIGINFO
SIGXFSZ: [libjvm.so+0x920ac0], sa_mask[0]=11111111011111111101111111111110, sa_flags=SA_RESTART|SA_SIGINFO
SIGILL: [libjvm.so+0x920ac0], sa_mask[0]=11111111011111111101111111111110, sa_flags=SA_RESTART|SA_SIGINFO
SIGUSR1: SIG_DFL, sa_mask[0]=00000000000000000000000000000000, sa_flags=none
SIGUSR2: [libjvm.so+0x922300], sa_mask[0]=00000000000000000000000000000000, sa_flags=SA_RESTART|SA_SIGINFO
SIGHUP: SIG_DFL, sa_mask[0]=00000000000000000000000000000000, sa_flags=none
SIGINT: SIG_DFL, sa_mask[0]=00000000000000000000000000000000, sa_flags=none
SIGTERM: SIG_DFL, sa_mask[0]=00000000000000000000000000000000, sa_flags=none
SIGQUIT: SIG_DFL, sa_mask[0]=00000000000000000000000000000000, sa_flags=none


---------------  S Y S T E M  ---------------

OS:DISTRIB_ID="elementary"
DISTRIB_RELEASE=0.4
DISTRIB_CODENAME=loki
DISTRIB_DESCRIPTION="elementary OS 0.4 Loki"

uname:Linux 4.4.0-72-generic #93-Ubuntu SMP Fri Mar 31 14:07:41 UTC 2017 x86_64
libc:glibc 2.23 NPTL 2.23 
rlimit: STACK 8192k, CORE 0k, NPROC 31322, NOFILE 65536, AS infinity
load average:2.17 3.02 3.00

/proc/meminfo:
MemTotal:        8058928 kB
MemFree:          141228 kB
MemAvailable:     203344 kB
Buffers:           23140 kB
Cached:           796368 kB
SwapCached:        40292 kB
Active:          6100864 kB
Inactive:        1531752 kB
Active(anon):    5964192 kB
Inactive(anon):  1416140 kB
Active(file):     136672 kB
Inactive(file):   115612 kB
Unevictable:         264 kB
Mlocked:             264 kB
SwapTotal:       1000444 kB
SwapFree:              4 kB
Dirty:             15312 kB
Writeback:             0 kB
AnonPages:       6773828 kB
Mapped:           571680 kB
Shmem:            566884 kB
Slab:             108404 kB
SReclaimable:      57296 kB
SUnreclaim:        51108 kB
KernelStack:       16160 kB
PageTables:        83320 kB
NFS_Unstable:          0 kB
Bounce:                0 kB
WritebackTmp:          0 kB
CommitLimit:     5029908 kB
Committed_AS:   16822460 kB
VmallocTotal:   34359738367 kB
VmallocUsed:           0 kB
VmallocChunk:          0 kB
HardwareCorrupted:     0 kB
AnonHugePages:   2852864 kB
CmaTotal:              0 kB
CmaFree:               0 kB
HugePages_Total:       0
HugePages_Free:        0
HugePages_Rsvd:        0
HugePages_Surp:        0
Hugepagesize:       2048 kB
DirectMap4k:      261760 kB
DirectMap2M:     8011776 kB


CPU:total 4 (2 cores per cpu, 2 threads per core) family 6 model 42 stepping 7, cmov, cx8, fxsr, mmx, sse, sse2, sse3, ssse3, sse4.1, sse4.2, popcnt, avx, aes, clmul, ht, tsc, tscinvbit

/proc/cpuinfo:
processor	: 0
vendor_id	: GenuineIntel
cpu family	: 6
model		: 42
model name	: Intel(R) Core(TM) i5-2520M CPU @ 2.50GHz
stepping	: 7
microcode	: 0x29
cpu MHz		: 1895.898
cache size	: 3072 KB
physical id	: 0
siblings	: 4
core id		: 0
cpu cores	: 2
apicid		: 0
initial apicid	: 0
fpu		: yes
fpu_exception	: yes
cpuid level	: 13
wp		: yes
flags		: fpu vme de pse tsc msr pae mce cx8 apic sep mtrr pge mca cmov pat pse36 clflush dts acpi mmx fxsr sse sse2 ss ht tm pbe syscall nx rdtscp lm constant_tsc arch_perfmon pebs bts nopl xtopology nonstop_tsc aperfmperf eagerfpu pni pclmulqdq dtes64 monitor ds_cpl vmx smx est tm2 ssse3 cx16 xtpr pdcm pcid sse4_1 sse4_2 x2apic popcnt tsc_deadline_timer aes xsave avx lahf_lm epb tpr_shadow vnmi flexpriority ept vpid xsaveopt dtherm ida arat pln pts
bugs		:
bogomips	: 4983.93
clflush size	: 64
cache_alignment	: 64
address sizes	: 36 bits physical, 48 bits virtual
power management:

processor	: 1
vendor_id	: GenuineIntel
cpu family	: 6
model		: 42
model name	: Intel(R) Core(TM) i5-2520M CPU @ 2.50GHz
stepping	: 7
microcode	: 0x29
cpu MHz		: 2062.109
cache size	: 3072 KB
physical id	: 0
siblings	: 4
core id		: 0
cpu cores	: 2
apicid		: 1
initial apicid	: 1
fpu		: yes
fpu_exception	: yes
cpuid level	: 13
wp		: yes
flags		: fpu vme de pse tsc msr pae mce cx8 apic sep mtrr pge mca cmov pat pse36 clflush dts acpi mmx fxsr sse sse2 ss ht tm pbe syscall nx rdtscp lm constant_tsc arch_perfmon pebs bts nopl xtopology nonstop_tsc aperfmperf eagerfpu pni pclmulqdq dtes64 monitor ds_cpl vmx smx est tm2 ssse3 cx16 xtpr pdcm pcid sse4_1 sse4_2 x2apic popcnt tsc_deadline_timer aes xsave avx lahf_lm epb tpr_shadow vnmi flexpriority ept vpid xsaveopt dtherm ida arat pln pts
bugs		:
bogomips	: 4983.93
clflush size	: 64
cache_alignment	: 64
address sizes	: 36 bits physical, 48 bits virtual
power management:

processor	: 2
vendor_id	: GenuineIntel
cpu family	: 6
model		: 42
model name	: Intel(R) Core(TM) i5-2520M CPU @ 2.50GHz
stepping	: 7
microcode	: 0x29
cpu MHz		: 1782.421
cache size	: 3072 KB
physical id	: 0
siblings	: 4
core id		: 1
cpu cores	: 2
apicid		: 2
initial apicid	: 2
fpu		: yes
fpu_exception	: yes
cpuid level	: 13
wp		: yes
flags		: fpu vme de pse tsc msr pae mce cx8 apic sep mtrr pge mca cmov pat pse36 clflush dts acpi mmx fxsr sse sse2 ss ht tm pbe syscall nx rdtscp lm constant_tsc arch_perfmon pebs bts nopl xtopology nonstop_tsc aperfmperf eagerfpu pni pclmulqdq dtes64 monitor ds_cpl vmx smx est tm2 ssse3 cx16 xtpr pdcm pcid sse4_1 sse4_2 x2apic popcnt tsc_deadline_timer aes xsave avx lahf_lm epb tpr_shadow vnmi flexpriority ept vpid xsaveopt dtherm ida arat pln pts
bugs		:
bogomips	: 4983.93
clflush size	: 64
cache_alignment	: 64
address sizes	: 36 bits physical, 48 bits virtual
power management:

processor	: 3
vendor_id	: GenuineIntel
cpu family	: 6
model		: 42
model name	: Intel(R) Core(TM) i5-2520M CPU @ 2.50GHz
stepping	: 7
microcode	: 0x29
cpu MHz		: 1742.382
cache size	: 3072 KB
physical id	: 0
siblings	: 4
core id		: 1
cpu cores	: 2
apicid		: 3
initial apicid	: 3
fpu		: yes
fpu_exception	: yes
cpuid level	: 13
wp		: yes
flags		: fpu vme de pse tsc msr pae mce cx8 apic sep mtrr pge mca cmov pat pse36 clflush dts acpi mmx fxsr sse sse2 ss ht tm pbe syscall nx rdtscp lm constant_tsc arch_perfmon pebs bts nopl xtopology nonstop_tsc aperfmperf eagerfpu pni pclmulqdq dtes64 monitor ds_cpl vmx smx est tm2 ssse3 cx16 xtpr pdcm pcid sse4_1 sse4_2 x2apic popcnt tsc_deadline_timer aes xsave avx lahf_lm epb tpr_shadow vnmi flexpriority ept vpid xsaveopt dtherm ida arat pln pts
bugs		:
bogomips	: 4983.93
clflush size	: 64
cache_alignment	: 64
address sizes	: 36 bits physical, 48 bits virtual
power management:



Memory: 4k page, physical 8058928k(141228k free), swap 1000444k(4k free)

vm_info: Java HotSpot(TM) 64-Bit Server VM (25.121-b13) for linux-amd64 JRE (1.8.0_121-b13), built on Dec 12 2016 16:36:53 by "java_re" with gcc 4.3.0 20080428 (Red Hat 4.3.0-8)

time: Fri Jun 23 23:47:55 2017
elapsed time: 0 seconds (0d 0h 0m 0s)

